Flow report for LogicalStep
Tue Jan 14 14:36:05 2020
Quartus Prime Version 15.1.0 Build 185 10/21/2015 SJ Standard Edition


---------------------
; Table of Contents ;
---------------------
  1. Legal Notice
  2. Flow Summary
  3. Flow Settings
  4. Flow Non-Default Global Settings
  5. Flow Elapsed Time
  6. Flow OS Summary
  7. Flow Log
  8. Flow Messages
  9. Flow Suppressed Messages



----------------
; Legal Notice ;
----------------
Copyright (C) 1991-2015 Altera Corporation. All rights reserved.
Your use of Altera Corporation's design tools, logic functions 
and other software and tools, and its AMPP partner logic 
functions, and any output files from any of the foregoing 
(including device programming or simulation files), and any 
associated documentation or information are expressly subject 
to the terms and conditions of the Altera Program License 
Subscription Agreement, the Altera Quartus Prime License Agreement,
the Altera MegaCore Function License Agreement, or other 
applicable license agreement, including, without limitation, 
that your use is for the sole purpose of programming logic 
devices manufactured by Altera and sold by Altera or its 
authorized distributors.  Please refer to the applicable 
agreement for further details.



+--------------------------------------------------------------------------------------+
; Flow Summary                                                                         ;
+------------------------------------+-------------------------------------------------+
; Flow Status                        ; Successful - Tue Jan 14 14:36:05 2020           ;
; Quartus Prime Version              ; 15.1.0 Build 185 10/21/2015 SJ Standard Edition ;
; Revision Name                      ; LogicalStep                                     ;
; Top-level Entity Name              ; LogicalStep                                     ;
; Family                             ; MAX 10                                          ;
; Device                             ; 10M08SAE144C8G                                  ;
; Timing Models                      ; Final                                           ;
; Total logic elements               ; 6,693 / 8,064 ( 83 % )                          ;
;     Total combinational functions  ; 5,209 / 8,064 ( 65 % )                          ;
;     Dedicated logic registers      ; 4,010 / 8,064 ( 50 % )                          ;
; Total registers                    ; 4078                                            ;
; Total pins                         ; 62 / 101 ( 61 % )                               ;
; Total virtual pins                 ; 0                                               ;
; Total memory bits                  ; 267,408 / 387,072 ( 69 % )                      ;
; Embedded Multiplier 9-bit elements ; 8 / 48 ( 17 % )                                 ;
; Total PLLs                         ; 1 / 1 ( 100 % )                                 ;
; UFM blocks                         ; 0 / 1 ( 0 % )                                   ;
; ADC blocks                         ; 0 / 1 ( 0 % )                                   ;
+------------------------------------+-------------------------------------------------+


+-----------------------------------------+
; Flow Settings                           ;
+-------------------+---------------------+
; Option            ; Setting             ;
+-------------------+---------------------+
; Start date & time ; 01/22/2019 19:23:31 ;
; Main task         ; Compilation         ;
; Revision Name     ; LogicalStep         ;
+-------------------+---------------------+


+--------------------------------------------------------------------------------------------------------------------------------------------+
; Flow Non-Default Global Settings                                                                                                           ;
+-------------------------------------+-------------------------------------------------------+---------------+-------------+----------------+
; Assignment Name                     ; Value                                                 ; Default Value ; Entity Name ; Section Id     ;
+-------------------------------------+-------------------------------------------------------+---------------+-------------+----------------+
; COMPILER_SIGNATURE_ID               ; 163580558445629.154820301007516                       ; --            ; --          ; --             ;
; EDA_OUTPUT_DATA_FORMAT              ; Vhdl                                                  ; --            ; --          ; eda_simulation ;
; EDA_SIMULATION_TOOL                 ; ModelSim-Altera (VHDL)                                ; <None>        ; --          ; --             ;
; FLOW_ENABLE_POWER_ANALYZER          ; On                                                    ; Off           ; --          ; --             ;
; IOBANK_VCCIO                        ; 3.3V                                                  ; --            ; --          ; 1A             ;
; IOBANK_VCCIO                        ; 3.3V                                                  ; --            ; --          ; 1B             ;
; IOBANK_VCCIO                        ; 3.3V                                                  ; --            ; --          ; 2              ;
; IOBANK_VCCIO                        ; 3.3V                                                  ; --            ; --          ; 3              ;
; IOBANK_VCCIO                        ; 3.3V                                                  ; --            ; --          ; 4              ;
; IOBANK_VCCIO                        ; 3.3V                                                  ; --            ; --          ; 5              ;
; IOBANK_VCCIO                        ; 3.3V                                                  ; --            ; --          ; 6              ;
; IOBANK_VCCIO                        ; 3.3V                                                  ; --            ; --          ; 7              ;
; IOBANK_VCCIO                        ; 3.3V                                                  ; --            ; --          ; 8              ;
; MAX_CORE_JUNCTION_TEMP              ; 85                                                    ; --            ; --          ; --             ;
; MIN_CORE_JUNCTION_TEMP              ; 0                                                     ; --            ; --          ; --             ;
; MISC_FILE                           ; QD1/synthesis/../QD1.cmp                              ; --            ; --          ; --             ;
; MISC_FILE                           ; QD1/synthesis/../../QD1.qsys                          ; --            ; --          ; --             ;
; OUTPUT_IO_TIMING_FAR_END_VMEAS      ; Half Signal Swing                                     ; --            ; --          ; --             ;
; OUTPUT_IO_TIMING_FAR_END_VMEAS      ; Half Signal Swing                                     ; --            ; --          ; --             ;
; OUTPUT_IO_TIMING_NEAR_END_VMEAS     ; Half Vccio                                            ; --            ; --          ; --             ;
; OUTPUT_IO_TIMING_NEAR_END_VMEAS     ; Half Vccio                                            ; --            ; --          ; --             ;
; PARTITION_COLOR                     ; 16764057                                              ; --            ; --          ; Top            ;
; PARTITION_FITTER_PRESERVATION_LEVEL ; PLACEMENT_AND_ROUTING                                 ; --            ; --          ; Top            ;
; PARTITION_NETLIST_TYPE              ; SOURCE                                                ; --            ; --          ; Top            ;
; POWER_BOARD_THERMAL_MODEL           ; None (CONSERVATIVE)                                   ; --            ; --          ; --             ;
; POWER_DEFAULT_INPUT_IO_TOGGLE_RATE  ; 12.5 %                                                ; 12.5%         ; --          ; --             ;
; POWER_PRESET_COOLING_SOLUTION       ; 23 MM HEAT SINK WITH 200 LFPM AIRFLOW                 ; --            ; --          ; --             ;
; PROJECT_OUTPUT_DIRECTORY            ; output_files                                          ; --            ; --          ; --             ;
; SLD_FILE                            ; QD1/synthesis/QD1.regmap                              ; --            ; --          ; --             ;
; SLD_FILE                            ; QD1/synthesis/QD1.debuginfo                           ; --            ; --          ; --             ;
; SLD_INFO                            ; QSYS_NAME QD1 HAS_SOPCINFO 1 GENERATION_ID 1548202955 ; --            ; QD1         ; --             ;
; SOPCINFO_FILE                       ; QD1/synthesis/../../QD1.sopcinfo                      ; --            ; --          ; --             ;
; SYNTHESIS_ONLY_QIP                  ; On                                                    ; --            ; --          ; --             ;
; TIMEQUEST_MULTICORNER_ANALYSIS      ; Off                                                   ; On            ; --          ; --             ;
+-------------------------------------+-------------------------------------------------------+---------------+-------------+----------------+


+-------------------------------------------------------------------------------------------------------------------------------+
; Flow Elapsed Time                                                                                                             ;
+---------------------------+--------------+-------------------------+---------------------+------------------------------------+
; Module Name               ; Elapsed Time ; Average Processors Used ; Peak Virtual Memory ; Total CPU Time (on all processors) ;
+---------------------------+--------------+-------------------------+---------------------+------------------------------------+
; Analysis & Synthesis      ; 00:02:21     ; 1.0                     ; 1105 MB             ; 00:01:11                           ;
; Fitter                    ; 00:01:10     ; 1.1                     ; 1662 MB             ; 00:00:57                           ;
; TimeQuest Timing Analyzer ; 00:00:16     ; 1.0                     ; 896 MB              ; 00:00:02                           ;
; Assembler                 ; 00:00:08     ; 1.0                     ; 811 MB              ; 00:00:02                           ;
; MIF/HEX Update            ; 00:00:06     ; 1.0                     ; 852 MB              ; 00:00:01                           ;
; Assembler                 ; 00:00:08     ; 1.0                     ; 806 MB              ; 00:00:02                           ;
; MIF/HEX Update            ; 00:00:06     ; 1.0                     ; 852 MB              ; 00:00:01                           ;
; Assembler                 ; 00:00:08     ; 1.0                     ; 806 MB              ; 00:00:02                           ;
; MIF/HEX Update            ; 00:00:09     ; 1.0                     ; 851 MB              ; 00:00:01                           ;
; Assembler                 ; 00:00:10     ; 1.0                     ; 809 MB              ; 00:00:02                           ;
; MIF/HEX Update            ; 00:00:06     ; 1.0                     ; 852 MB              ; 00:00:01                           ;
; Assembler                 ; 00:00:08     ; 1.0                     ; 809 MB              ; 00:00:02                           ;
; MIF/HEX Update            ; 00:00:07     ; 1.0                     ; 852 MB              ; 00:00:01                           ;
; Assembler                 ; 00:00:08     ; 1.0                     ; 806 MB              ; 00:00:02                           ;
; MIF/HEX Update            ; 00:00:06     ; 1.0                     ; 850 MB              ; 00:00:01                           ;
; Assembler                 ; 00:00:08     ; 1.0                     ; 809 MB              ; 00:00:02                           ;
; MIF/HEX Update            ; 00:00:06     ; 1.0                     ; 852 MB              ; 00:00:01                           ;
; Assembler                 ; 00:00:07     ; 1.0                     ; 806 MB              ; 00:00:02                           ;
; MIF/HEX Update            ; 00:00:06     ; 1.0                     ; 856 MB              ; 00:00:01                           ;
; Assembler                 ; 00:00:08     ; 1.0                     ; 809 MB              ; 00:00:02                           ;
; MIF/HEX Update            ; 00:00:07     ; 1.0                     ; 856 MB              ; 00:00:01                           ;
; Assembler                 ; 00:00:08     ; 1.0                     ; 806 MB              ; 00:00:02                           ;
; MIF/HEX Update            ; 00:00:06     ; 1.0                     ; 856 MB              ; 00:00:01                           ;
; Assembler                 ; 00:00:08     ; 1.0                     ; 806 MB              ; 00:00:02                           ;
; MIF/HEX Update            ; 00:00:06     ; 1.0                     ; 853 MB              ; 00:00:01                           ;
; Assembler                 ; 00:00:08     ; 1.0                     ; 806 MB              ; 00:00:02                           ;
; MIF/HEX Update            ; 00:00:08     ; 1.0                     ; 853 MB              ; 00:00:01                           ;
; Assembler                 ; 00:00:10     ; 1.0                     ; 806 MB              ; 00:00:02                           ;
; MIF/HEX Update            ; 00:00:08     ; 1.0                     ; 853 MB              ; 00:00:01                           ;
; Assembler                 ; 00:00:08     ; 1.0                     ; 809 MB              ; 00:00:02                           ;
; MIF/HEX Update            ; 00:00:06     ; 1.0                     ; 853 MB              ; 00:00:01                           ;
; Assembler                 ; 00:00:08     ; 1.0                     ; 809 MB              ; 00:00:02                           ;
; MIF/HEX Update            ; 00:00:06     ; 1.0                     ; 853 MB              ; 00:00:01                           ;
; Assembler                 ; 00:00:08     ; 1.0                     ; 810 MB              ; 00:00:02                           ;
; MIF/HEX Update            ; 00:00:07     ; 1.0                     ; 853 MB              ; 00:00:01                           ;
; Assembler                 ; 00:00:08     ; 1.0                     ; 810 MB              ; 00:00:02                           ;
; MIF/HEX Update            ; 00:00:07     ; 1.0                     ; 853 MB              ; 00:00:01                           ;
; Assembler                 ; 00:00:08     ; 1.0                     ; 810 MB              ; 00:00:02                           ;
; MIF/HEX Update            ; 00:00:08     ; 1.0                     ; 853 MB              ; 00:00:01                           ;
; Assembler                 ; 00:00:08     ; 1.0                     ; 810 MB              ; 00:00:02                           ;
; MIF/HEX Update            ; 00:00:06     ; 1.0                     ; 853 MB              ; 00:00:01                           ;
; Assembler                 ; 00:00:08     ; 1.0                     ; 810 MB              ; 00:00:02                           ;
; MIF/HEX Update            ; 00:00:07     ; 1.0                     ; 853 MB              ; 00:00:01                           ;
; Assembler                 ; 00:00:09     ; 1.0                     ; 810 MB              ; 00:00:02                           ;
; MIF/HEX Update            ; 00:00:08     ; 1.0                     ; 853 MB              ; 00:00:01                           ;
; Assembler                 ; 00:00:09     ; 1.0                     ; 810 MB              ; 00:00:02                           ;
; MIF/HEX Update            ; 00:00:06     ; 1.0                     ; 853 MB              ; 00:00:01                           ;
; Assembler                 ; 00:00:08     ; 1.0                     ; 809 MB              ; 00:00:02                           ;
; MIF/HEX Update            ; 00:00:06     ; 1.0                     ; 852 MB              ; 00:00:01                           ;
; Assembler                 ; 00:00:08     ; 1.0                     ; 809 MB              ; 00:00:02                           ;
; MIF/HEX Update            ; 00:00:07     ; 1.0                     ; 853 MB              ; 00:00:01                           ;
; Assembler                 ; 00:00:08     ; 1.0                     ; 809 MB              ; 00:00:02                           ;
; MIF/HEX Update            ; 00:00:08     ; 1.0                     ; 852 MB              ; 00:00:01                           ;
; Assembler                 ; 00:00:09     ; 1.0                     ; 810 MB              ; 00:00:02                           ;
; MIF/HEX Update            ; 00:00:06     ; 1.0                     ; 853 MB              ; 00:00:01                           ;
; Assembler                 ; 00:00:08     ; 1.0                     ; 810 MB              ; 00:00:02                           ;
; MIF/HEX Update            ; 00:00:04     ; 1.0                     ; 4935 MB             ; 00:00:01                           ;
; Assembler                 ; 00:00:05     ; 1.0                     ; 4900 MB             ; 00:00:02                           ;
; MIF/HEX Update            ; 00:00:03     ; 1.0                     ; 4935 MB             ; 00:00:01                           ;
; Assembler                 ; 00:00:05     ; 1.0                     ; 4900 MB             ; 00:00:02                           ;
; MIF/HEX Update            ; 00:00:05     ; 1.0                     ; 4934 MB             ; 00:00:01                           ;
; Assembler                 ; 00:00:05     ; 1.0                     ; 4900 MB             ; 00:00:02                           ;
; MIF/HEX Update            ; 00:00:04     ; 1.0                     ; 4934 MB             ; 00:00:01                           ;
; Assembler                 ; 00:00:05     ; 1.0                     ; 4900 MB             ; 00:00:02                           ;
; MIF/HEX Update            ; 00:00:04     ; 1.0                     ; 4937 MB             ; 00:00:01                           ;
; Assembler                 ; 00:00:05     ; 1.0                     ; 4900 MB             ; 00:00:02                           ;
; MIF/HEX Update            ; 00:00:04     ; 1.0                     ; 4937 MB             ; 00:00:01                           ;
; Assembler                 ; 00:00:05     ; 1.0                     ; 4900 MB             ; 00:00:02                           ;
; MIF/HEX Update            ; 00:00:03     ; 1.0                     ; 4937 MB             ; 00:00:01                           ;
; Assembler                 ; 00:00:04     ; 1.0                     ; 4899 MB             ; 00:00:02                           ;
; MIF/HEX Update            ; 00:00:04     ; 1.0                     ; 4931 MB             ; 00:00:01                           ;
; Assembler                 ; 00:00:05     ; 1.0                     ; 4899 MB             ; 00:00:02                           ;
; MIF/HEX Update            ; 00:00:03     ; 1.0                     ; 4931 MB             ; 00:00:01                           ;
; Assembler                 ; 00:00:05     ; 1.0                     ; 4899 MB             ; 00:00:02                           ;
; MIF/HEX Update            ; 00:00:03     ; 1.0                     ; 4931 MB             ; 00:00:01                           ;
; Assembler                 ; 00:00:05     ; 1.0                     ; 4899 MB             ; 00:00:02                           ;
; MIF/HEX Update            ; 00:00:04     ; 1.0                     ; 4931 MB             ; 00:00:01                           ;
; Assembler                 ; 00:00:05     ; 1.0                     ; 4905 MB             ; 00:00:02                           ;
; MIF/HEX Update            ; 00:00:04     ; 1.0                     ; 4931 MB             ; 00:00:01                           ;
; Assembler                 ; 00:00:05     ; 1.0                     ; 4904 MB             ; 00:00:02                           ;
; MIF/HEX Update            ; 00:00:04     ; 1.0                     ; 4932 MB             ; 00:00:01                           ;
; Assembler                 ; 00:00:05     ; 1.0                     ; 4899 MB             ; 00:00:02                           ;
; MIF/HEX Update            ; 00:00:03     ; 1.0                     ; 4931 MB             ; 00:00:01                           ;
; Assembler                 ; 00:00:05     ; 1.0                     ; 4899 MB             ; 00:00:02                           ;
; MIF/HEX Update            ; 00:00:03     ; 1.0                     ; 4932 MB             ; 00:00:01                           ;
; Assembler                 ; 00:00:05     ; 1.0                     ; 4899 MB             ; 00:00:02                           ;
; MIF/HEX Update            ; 00:00:04     ; 1.0                     ; 4932 MB             ; 00:00:01                           ;
; Assembler                 ; 00:00:05     ; 1.0                     ; 4899 MB             ; 00:00:02                           ;
; MIF/HEX Update            ; 00:00:04     ; 1.0                     ; 4932 MB             ; 00:00:01                           ;
; Assembler                 ; 00:00:05     ; 1.0                     ; 4899 MB             ; 00:00:02                           ;
; MIF/HEX Update            ; 00:00:04     ; 1.0                     ; 4936 MB             ; 00:00:01                           ;
; Assembler                 ; 00:00:05     ; 1.0                     ; 4899 MB             ; 00:00:02                           ;
; MIF/HEX Update            ; 00:00:04     ; 1.0                     ; 4936 MB             ; 00:00:01                           ;
; Assembler                 ; 00:00:05     ; 1.0                     ; 4899 MB             ; 00:00:02                           ;
; MIF/HEX Update            ; 00:00:03     ; 1.0                     ; 4936 MB             ; 00:00:01                           ;
; Assembler                 ; 00:00:04     ; 1.0                     ; 4899 MB             ; 00:00:02                           ;
; MIF/HEX Update            ; 00:00:03     ; 1.0                     ; 4936 MB             ; 00:00:01                           ;
; Assembler                 ; 00:00:05     ; 1.0                     ; 4899 MB             ; 00:00:02                           ;
; MIF/HEX Update            ; 00:00:04     ; 1.0                     ; 4935 MB             ; 00:00:01                           ;
; Assembler                 ; 00:00:05     ; 1.0                     ; 4899 MB             ; 00:00:02                           ;
; MIF/HEX Update            ; 00:00:04     ; 1.0                     ; 4935 MB             ; 00:00:01                           ;
; Assembler                 ; 00:00:05     ; 1.0                     ; 4899 MB             ; 00:00:02                           ;
; MIF/HEX Update            ; 00:00:04     ; 1.0                     ; 4935 MB             ; 00:00:01                           ;
; Assembler                 ; 00:00:05     ; 1.0                     ; 4899 MB             ; 00:00:02                           ;
; MIF/HEX Update            ; 00:00:04     ; 1.0                     ; 4935 MB             ; 00:00:01                           ;
; Assembler                 ; 00:00:05     ; 1.0                     ; 4899 MB             ; 00:00:02                           ;
; MIF/HEX Update            ; 00:00:03     ; 1.0                     ; 4936 MB             ; 00:00:01                           ;
; Assembler                 ; 00:00:05     ; 1.0                     ; 4899 MB             ; 00:00:02                           ;
; MIF/HEX Update            ; 00:00:10     ; 1.0                     ; 853 MB              ; 00:00:01                           ;
; Assembler                 ; 00:00:11     ; 1.0                     ; 811 MB              ; 00:00:02                           ;
; MIF/HEX Update            ; 00:00:06     ; 1.0                     ; 852 MB              ; 00:00:01                           ;
; Assembler                 ; 00:00:08     ; 1.0                     ; 809 MB              ; 00:00:02                           ;
; MIF/HEX Update            ; 00:00:07     ; 1.0                     ; 853 MB              ; 00:00:01                           ;
; Assembler                 ; 00:00:08     ; 1.0                     ; 809 MB              ; 00:00:02                           ;
; MIF/HEX Update            ; 00:00:09     ; 1.0                     ; 855 MB              ; 00:00:01                           ;
; Assembler                 ; 00:00:10     ; 1.0                     ; 809 MB              ; 00:00:02                           ;
; MIF/HEX Update            ; 00:00:09     ; 1.0                     ; 852 MB              ; 00:00:01                           ;
; Assembler                 ; 00:00:10     ; 1.0                     ; 809 MB              ; 00:00:02                           ;
; MIF/HEX Update            ; 00:00:07     ; 1.0                     ; 853 MB              ; 00:00:01                           ;
; Assembler                 ; 00:00:09     ; 1.0                     ; 809 MB              ; 00:00:02                           ;
; MIF/HEX Update            ; 00:00:07     ; 1.0                     ; 850 MB              ; 00:00:01                           ;
; Assembler                 ; 00:00:07     ; 1.0                     ; 809 MB              ; 00:00:02                           ;
; MIF/HEX Update            ; 00:00:07     ; 1.0                     ; 854 MB              ; 00:00:01                           ;
; Assembler                 ; 00:00:08     ; 1.0                     ; 809 MB              ; 00:00:02                           ;
; MIF/HEX Update            ; 00:00:08     ; 1.0                     ; 853 MB              ; 00:00:01                           ;
; Assembler                 ; 00:00:08     ; 1.0                     ; 809 MB              ; 00:00:02                           ;
; MIF/HEX Update            ; 00:00:07     ; 1.0                     ; 4936 MB             ; 00:00:01                           ;
; Assembler                 ; 00:00:09     ; 1.0                     ; 4901 MB             ; 00:00:02                           ;
; MIF/HEX Update            ; 00:00:06     ; 1.0                     ; 4937 MB             ; 00:00:01                           ;
; Assembler                 ; 00:00:08     ; 1.0                     ; 4901 MB             ; 00:00:02                           ;
; MIF/HEX Update            ; 00:00:06     ; 1.0                     ; 4937 MB             ; 00:00:01                           ;
; Assembler                 ; 00:00:08     ; 1.0                     ; 4901 MB             ; 00:00:02                           ;
; MIF/HEX Update            ; 00:00:06     ; 1.0                     ; 4937 MB             ; 00:00:01                           ;
; Assembler                 ; 00:00:09     ; 1.0                     ; 4901 MB             ; 00:00:02                           ;
; MIF/HEX Update            ; 00:00:06     ; 1.0                     ; 4937 MB             ; 00:00:01                           ;
; Assembler                 ; 00:00:08     ; 1.0                     ; 4901 MB             ; 00:00:02                           ;
; Total                     ; 00:17:50     ; --                      ; --                  ; 00:05:30                           ;
+---------------------------+--------------+-------------------------+---------------------+------------------------------------+


+----------------------------------------------------------------------------------------+
; Flow OS Summary                                                                        ;
+---------------------------+------------------+-----------+------------+----------------+
; Module Name               ; Machine Hostname ; OS Name   ; OS Version ; Processor type ;
+---------------------------+------------------+-----------+------------+----------------+
; Analysis & Synthesis      ; ECE-RTOS7        ; Windows 8 ; 6.2        ; x86_64         ;
; Fitter                    ; ECE-RTOS7        ; Windows 8 ; 6.2        ; x86_64         ;
; TimeQuest Timing Analyzer ; ECE-RTOS7        ; Windows 8 ; 6.2        ; x86_64         ;
; Assembler                 ; ECE-RTOS7        ; Windows 8 ; 6.2        ; x86_64         ;
; MIF/HEX Update            ; ECE-RTOS7        ; Windows 8 ; 6.2        ; x86_64         ;
; Assembler                 ; ECE-RTOS7        ; Windows 8 ; 6.2        ; x86_64         ;
; MIF/HEX Update            ; ECE-RTOS7        ; Windows 8 ; 6.2        ; x86_64         ;
; Assembler                 ; ECE-RTOS7        ; Windows 8 ; 6.2        ; x86_64         ;
; MIF/HEX Update            ; ECE-RTOS7        ; Windows 8 ; 6.2        ; x86_64         ;
; Assembler                 ; ECE-RTOS7        ; Windows 8 ; 6.2        ; x86_64         ;
; MIF/HEX Update            ; ECE-RTOS7        ; Windows 8 ; 6.2        ; x86_64         ;
; Assembler                 ; ECE-RTOS7        ; Windows 8 ; 6.2        ; x86_64         ;
; MIF/HEX Update            ; ECE-RTOS7        ; Windows 8 ; 6.2        ; x86_64         ;
; Assembler                 ; ECE-RTOS7        ; Windows 8 ; 6.2        ; x86_64         ;
; MIF/HEX Update            ; ECE-RTOS7        ; Windows 8 ; 6.2        ; x86_64         ;
; Assembler                 ; ECE-RTOS7        ; Windows 8 ; 6.2        ; x86_64         ;
; MIF/HEX Update            ; ECE-RTOS7        ; Windows 8 ; 6.2        ; x86_64         ;
; Assembler                 ; ECE-RTOS7        ; Windows 8 ; 6.2        ; x86_64         ;
; MIF/HEX Update            ; ECE-RTOS7        ; Windows 8 ; 6.2        ; x86_64         ;
; Assembler                 ; ECE-RTOS7        ; Windows 8 ; 6.2        ; x86_64         ;
; MIF/HEX Update            ; ECE-RTOS7        ; Windows 8 ; 6.2        ; x86_64         ;
; Assembler                 ; ECE-RTOS7        ; Windows 8 ; 6.2        ; x86_64         ;
; MIF/HEX Update            ; ECE-RTOS7        ; Windows 8 ; 6.2        ; x86_64         ;
; Assembler                 ; ECE-RTOS7        ; Windows 8 ; 6.2        ; x86_64         ;
; MIF/HEX Update            ; ECE-RTOS7        ; Windows 8 ; 6.2        ; x86_64         ;
; Assembler                 ; ECE-RTOS7        ; Windows 8 ; 6.2        ; x86_64         ;
; MIF/HEX Update            ; ECE-RTOS7        ; Windows 8 ; 6.2        ; x86_64         ;
; Assembler                 ; ECE-RTOS7        ; Windows 8 ; 6.2        ; x86_64         ;
; MIF/HEX Update            ; ECE-RTOS7        ; Windows 8 ; 6.2        ; x86_64         ;
; Assembler                 ; ECE-RTOS7        ; Windows 8 ; 6.2        ; x86_64         ;
; MIF/HEX Update            ; ECE-RTOS7        ; Windows 8 ; 6.2        ; x86_64         ;
; Assembler                 ; ECE-RTOS7        ; Windows 8 ; 6.2        ; x86_64         ;
; MIF/HEX Update            ; ECE-RTOS7        ; Windows 8 ; 6.2        ; x86_64         ;
; Assembler                 ; ECE-RTOS7        ; Windows 8 ; 6.2        ; x86_64         ;
; MIF/HEX Update            ; ECE-RTOS7        ; Windows 8 ; 6.2        ; x86_64         ;
; Assembler                 ; ECE-RTOS7        ; Windows 8 ; 6.2        ; x86_64         ;
; MIF/HEX Update            ; ECE-RTOS7        ; Windows 8 ; 6.2        ; x86_64         ;
; Assembler                 ; ECE-RTOS7        ; Windows 8 ; 6.2        ; x86_64         ;
; MIF/HEX Update            ; ECE-RTOS7        ; Windows 8 ; 6.2        ; x86_64         ;
; Assembler                 ; ECE-RTOS7        ; Windows 8 ; 6.2        ; x86_64         ;
; MIF/HEX Update            ; ECE-RTOS7        ; Windows 8 ; 6.2        ; x86_64         ;
; Assembler                 ; ECE-RTOS7        ; Windows 8 ; 6.2        ; x86_64         ;
; MIF/HEX Update            ; ECE-RTOS7        ; Windows 8 ; 6.2        ; x86_64         ;
; Assembler                 ; ECE-RTOS7        ; Windows 8 ; 6.2        ; x86_64         ;
; MIF/HEX Update            ; ECE-RTOS7        ; Windows 8 ; 6.2        ; x86_64         ;
; Assembler                 ; ECE-RTOS7        ; Windows 8 ; 6.2        ; x86_64         ;
; MIF/HEX Update            ; ECE-RTOS7        ; Windows 8 ; 6.2        ; x86_64         ;
; Assembler                 ; ECE-RTOS7        ; Windows 8 ; 6.2        ; x86_64         ;
; MIF/HEX Update            ; ECE-RTOS7        ; Windows 8 ; 6.2        ; x86_64         ;
; Assembler                 ; ECE-RTOS7        ; Windows 8 ; 6.2        ; x86_64         ;
; MIF/HEX Update            ; ECE-RTOS7        ; Windows 8 ; 6.2        ; x86_64         ;
; Assembler                 ; ECE-RTOS7        ; Windows 8 ; 6.2        ; x86_64         ;
; MIF/HEX Update            ; ECE-RTOS7        ; Windows 8 ; 6.2        ; x86_64         ;
; Assembler                 ; ECE-RTOS7        ; Windows 8 ; 6.2        ; x86_64         ;
; MIF/HEX Update            ; ECE-RTOS7        ; Windows 8 ; 6.2        ; x86_64         ;
; Assembler                 ; ECE-RTOS7        ; Windows 8 ; 6.2        ; x86_64         ;
; MIF/HEX Update            ; ECE-CPUIO2       ; Windows 8 ; 6.2        ; x86_64         ;
; Assembler                 ; ECE-CPUIO2       ; Windows 8 ; 6.2        ; x86_64         ;
; MIF/HEX Update            ; ECE-CPUIO2       ; Windows 8 ; 6.2        ; x86_64         ;
; Assembler                 ; ECE-CPUIO2       ; Windows 8 ; 6.2        ; x86_64         ;
; MIF/HEX Update            ; ECE-CPUIO2       ; Windows 8 ; 6.2        ; x86_64         ;
; Assembler                 ; ECE-CPUIO2       ; Windows 8 ; 6.2        ; x86_64         ;
; MIF/HEX Update            ; ECE-CPUIO2       ; Windows 8 ; 6.2        ; x86_64         ;
; Assembler                 ; ECE-CPUIO2       ; Windows 8 ; 6.2        ; x86_64         ;
; MIF/HEX Update            ; ECE-CPUIO2       ; Windows 8 ; 6.2        ; x86_64         ;
; Assembler                 ; ECE-CPUIO2       ; Windows 8 ; 6.2        ; x86_64         ;
; MIF/HEX Update            ; ECE-CPUIO2       ; Windows 8 ; 6.2        ; x86_64         ;
; Assembler                 ; ECE-CPUIO2       ; Windows 8 ; 6.2        ; x86_64         ;
; MIF/HEX Update            ; ECE-CPUIO2       ; Windows 8 ; 6.2        ; x86_64         ;
; Assembler                 ; ECE-CPUIO2       ; Windows 8 ; 6.2        ; x86_64         ;
; MIF/HEX Update            ; ECE-CPUIO2       ; Windows 8 ; 6.2        ; x86_64         ;
; Assembler                 ; ECE-CPUIO2       ; Windows 8 ; 6.2        ; x86_64         ;
; MIF/HEX Update            ; ECE-CPUIO2       ; Windows 8 ; 6.2        ; x86_64         ;
; Assembler                 ; ECE-CPUIO2       ; Windows 8 ; 6.2        ; x86_64         ;
; MIF/HEX Update            ; ECE-CPUIO2       ; Windows 8 ; 6.2        ; x86_64         ;
; Assembler                 ; ECE-CPUIO2       ; Windows 8 ; 6.2        ; x86_64         ;
; MIF/HEX Update            ; ECE-CPUIO2       ; Windows 8 ; 6.2        ; x86_64         ;
; Assembler                 ; ECE-CPUIO2       ; Windows 8 ; 6.2        ; x86_64         ;
; MIF/HEX Update            ; ECE-CPUIO2       ; Windows 8 ; 6.2        ; x86_64         ;
; Assembler                 ; ECE-CPUIO2       ; Windows 8 ; 6.2        ; x86_64         ;
; MIF/HEX Update            ; ECE-CPUIO2       ; Windows 8 ; 6.2        ; x86_64         ;
; Assembler                 ; ECE-CPUIO2       ; Windows 8 ; 6.2        ; x86_64         ;
; MIF/HEX Update            ; ECE-CPUIO2       ; Windows 8 ; 6.2        ; x86_64         ;
; Assembler                 ; ECE-CPUIO2       ; Windows 8 ; 6.2        ; x86_64         ;
; MIF/HEX Update            ; ECE-CPUIO2       ; Windows 8 ; 6.2        ; x86_64         ;
; Assembler                 ; ECE-CPUIO2       ; Windows 8 ; 6.2        ; x86_64         ;
; MIF/HEX Update            ; ECE-CPUIO2       ; Windows 8 ; 6.2        ; x86_64         ;
; Assembler                 ; ECE-CPUIO2       ; Windows 8 ; 6.2        ; x86_64         ;
; MIF/HEX Update            ; ECE-CPUIO2       ; Windows 8 ; 6.2        ; x86_64         ;
; Assembler                 ; ECE-CPUIO2       ; Windows 8 ; 6.2        ; x86_64         ;
; MIF/HEX Update            ; ECE-CPUIO2       ; Windows 8 ; 6.2        ; x86_64         ;
; Assembler                 ; ECE-CPUIO2       ; Windows 8 ; 6.2        ; x86_64         ;
; MIF/HEX Update            ; ECE-CPUIO2       ; Windows 8 ; 6.2        ; x86_64         ;
; Assembler                 ; ECE-CPUIO2       ; Windows 8 ; 6.2        ; x86_64         ;
; MIF/HEX Update            ; ECE-CPUIO2       ; Windows 8 ; 6.2        ; x86_64         ;
; Assembler                 ; ECE-CPUIO2       ; Windows 8 ; 6.2        ; x86_64         ;
; MIF/HEX Update            ; ECE-CPUIO2       ; Windows 8 ; 6.2        ; x86_64         ;
; Assembler                 ; ECE-CPUIO2       ; Windows 8 ; 6.2        ; x86_64         ;
; MIF/HEX Update            ; ECE-CPUIO2       ; Windows 8 ; 6.2        ; x86_64         ;
; Assembler                 ; ECE-CPUIO2       ; Windows 8 ; 6.2        ; x86_64         ;
; MIF/HEX Update            ; ECE-CPUIO2       ; Windows 8 ; 6.2        ; x86_64         ;
; Assembler                 ; ECE-CPUIO2       ; Windows 8 ; 6.2        ; x86_64         ;
; MIF/HEX Update            ; ECE-CPUIO2       ; Windows 8 ; 6.2        ; x86_64         ;
; Assembler                 ; ECE-CPUIO2       ; Windows 8 ; 6.2        ; x86_64         ;
; MIF/HEX Update            ; ECE-CPUIO2       ; Windows 8 ; 6.2        ; x86_64         ;
; Assembler                 ; ECE-CPUIO2       ; Windows 8 ; 6.2        ; x86_64         ;
; MIF/HEX Update            ; ECE-CPUIO2       ; Windows 8 ; 6.2        ; x86_64         ;
; Assembler                 ; ECE-CPUIO2       ; Windows 8 ; 6.2        ; x86_64         ;
; MIF/HEX Update            ; ECE-RTOS12       ; Windows 8 ; 6.2        ; x86_64         ;
; Assembler                 ; ECE-RTOS12       ; Windows 8 ; 6.2        ; x86_64         ;
; MIF/HEX Update            ; ECE-RTOS12       ; Windows 8 ; 6.2        ; x86_64         ;
; Assembler                 ; ECE-RTOS12       ; Windows 8 ; 6.2        ; x86_64         ;
; MIF/HEX Update            ; ECE-RTOS12       ; Windows 8 ; 6.2        ; x86_64         ;
; Assembler                 ; ECE-RTOS12       ; Windows 8 ; 6.2        ; x86_64         ;
; MIF/HEX Update            ; ECE-RTOS12       ; Windows 8 ; 6.2        ; x86_64         ;
; Assembler                 ; ECE-RTOS12       ; Windows 8 ; 6.2        ; x86_64         ;
; MIF/HEX Update            ; ECE-RTOS12       ; Windows 8 ; 6.2        ; x86_64         ;
; Assembler                 ; ECE-RTOS12       ; Windows 8 ; 6.2        ; x86_64         ;
; MIF/HEX Update            ; ECE-RTOS12       ; Windows 8 ; 6.2        ; x86_64         ;
; Assembler                 ; ECE-RTOS12       ; Windows 8 ; 6.2        ; x86_64         ;
; MIF/HEX Update            ; ECE-RTOS12       ; Windows 8 ; 6.2        ; x86_64         ;
; Assembler                 ; ECE-RTOS12       ; Windows 8 ; 6.2        ; x86_64         ;
; MIF/HEX Update            ; ECE-RTOS12       ; Windows 8 ; 6.2        ; x86_64         ;
; Assembler                 ; ECE-RTOS12       ; Windows 8 ; 6.2        ; x86_64         ;
; MIF/HEX Update            ; ECE-RTOS12       ; Windows 8 ; 6.2        ; x86_64         ;
; Assembler                 ; ECE-RTOS12       ; Windows 8 ; 6.2        ; x86_64         ;
; MIF/HEX Update            ; ECE-RTOS13       ; Windows 8 ; 6.2        ; x86_64         ;
; Assembler                 ; ECE-RTOS13       ; Windows 8 ; 6.2        ; x86_64         ;
; MIF/HEX Update            ; ECE-RTOS13       ; Windows 8 ; 6.2        ; x86_64         ;
; Assembler                 ; ECE-RTOS13       ; Windows 8 ; 6.2        ; x86_64         ;
; MIF/HEX Update            ; ECE-RTOS13       ; Windows 8 ; 6.2        ; x86_64         ;
; Assembler                 ; ECE-RTOS13       ; Windows 8 ; 6.2        ; x86_64         ;
; MIF/HEX Update            ; ECE-RTOS13       ; Windows 8 ; 6.2        ; x86_64         ;
; Assembler                 ; ECE-RTOS13       ; Windows 8 ; 6.2        ; x86_64         ;
; MIF/HEX Update            ; ECE-RTOS13       ; Windows 8 ; 6.2        ; x86_64         ;
; Assembler                 ; ECE-RTOS13       ; Windows 8 ; 6.2        ; x86_64         ;
+---------------------------+------------------+-----------+------------+----------------+


------------
; Flow Log ;
------------
quartus_map --read_settings_files=on --write_settings_files=off LogicalStep -c LogicalStep
quartus_fit --read_settings_files=off --write_settings_files=off LogicalStep -c LogicalStep
quartus_sta LogicalStep -c LogicalStep
quartus_asm --read_settings_files=on --write_settings_files=off LogicalStep -c LogicalStep
quartus_cdb --update_mif LogicalStep
quartus_asm LogicalStep
quartus_cdb --update_mif LogicalStep
quartus_asm LogicalStep
quartus_cdb --update_mif LogicalStep
quartus_asm LogicalStep
quartus_cdb --update_mif LogicalStep
quartus_asm LogicalStep
quartus_cdb --update_mif LogicalStep
quartus_asm LogicalStep
quartus_cdb --update_mif LogicalStep
quartus_asm LogicalStep
quartus_cdb --update_mif LogicalStep
quartus_asm LogicalStep
quartus_cdb --update_mif LogicalStep
quartus_asm LogicalStep
quartus_cdb --update_mif LogicalStep
quartus_asm LogicalStep
quartus_cdb --update_mif LogicalStep
quartus_asm LogicalStep
quartus_cdb --update_mif LogicalStep
quartus_asm LogicalStep
quartus_cdb --update_mif LogicalStep
quartus_asm LogicalStep
quartus_cdb --update_mif LogicalStep
quartus_asm LogicalStep
quartus_cdb --update_mif LogicalStep
quartus_asm LogicalStep
quartus_cdb --update_mif LogicalStep
quartus_asm LogicalStep
quartus_cdb --update_mif LogicalStep
quartus_asm LogicalStep
quartus_cdb --update_mif LogicalStep
quartus_asm LogicalStep
quartus_cdb --update_mif LogicalStep
quartus_asm LogicalStep
quartus_cdb --update_mif LogicalStep
quartus_asm LogicalStep
quartus_cdb --update_mif LogicalStep
quartus_asm LogicalStep
quartus_cdb --update_mif LogicalStep
quartus_asm LogicalStep
quartus_cdb --update_mif LogicalStep
quartus_asm LogicalStep
quartus_cdb --update_mif LogicalStep
quartus_asm LogicalStep
quartus_cdb --update_mif LogicalStep
quartus_asm LogicalStep
quartus_cdb --update_mif LogicalStep
quartus_asm LogicalStep
quartus_cdb --update_mif LogicalStep
quartus_asm LogicalStep
quartus_cdb --update_mif LogicalStep
quartus_asm LogicalStep
quartus_cdb --update_mif LogicalStep
quartus_asm LogicalStep
quartus_cdb --update_mif LogicalStep
quartus_asm LogicalStep
quartus_cdb --update_mif LogicalStep
quartus_asm LogicalStep
quartus_cdb --update_mif LogicalStep
quartus_asm LogicalStep
quartus_cdb --update_mif LogicalStep
quartus_asm LogicalStep
quartus_cdb --update_mif LogicalStep
quartus_asm LogicalStep
quartus_cdb --update_mif LogicalStep
quartus_asm LogicalStep
quartus_cdb --update_mif LogicalStep
quartus_asm LogicalStep
quartus_cdb --update_mif LogicalStep
quartus_asm LogicalStep
quartus_cdb --update_mif LogicalStep
quartus_asm LogicalStep
quartus_cdb --update_mif LogicalStep
quartus_asm LogicalStep
quartus_cdb --update_mif LogicalStep
quartus_asm LogicalStep
quartus_cdb --update_mif LogicalStep
quartus_asm LogicalStep
quartus_cdb --update_mif LogicalStep
quartus_asm LogicalStep
quartus_cdb --update_mif LogicalStep
quartus_asm LogicalStep
quartus_cdb --update_mif LogicalStep
quartus_asm LogicalStep
quartus_cdb --update_mif LogicalStep
quartus_asm LogicalStep
quartus_cdb --update_mif LogicalStep
quartus_asm LogicalStep
quartus_cdb --update_mif LogicalStep
quartus_asm LogicalStep
quartus_cdb --update_mif LogicalStep
quartus_asm LogicalStep
quartus_cdb --update_mif LogicalStep
quartus_asm LogicalStep
quartus_cdb --update_mif LogicalStep
quartus_asm LogicalStep
quartus_cdb --update_mif LogicalStep
quartus_asm LogicalStep
quartus_cdb --update_mif LogicalStep
quartus_asm LogicalStep
quartus_cdb --update_mif LogicalStep
quartus_asm LogicalStep
quartus_cdb --update_mif LogicalStep
quartus_asm LogicalStep
quartus_cdb --update_mif LogicalStep
quartus_asm LogicalStep
quartus_cdb --update_mif LogicalStep
quartus_asm LogicalStep
quartus_cdb --update_mif LogicalStep
quartus_asm LogicalStep
quartus_cdb --update_mif LogicalStep
quartus_asm LogicalStep
quartus_cdb --update_mif LogicalStep
quartus_asm LogicalStep
quartus_cdb --update_mif LogicalStep
quartus_asm LogicalStep
quartus_cdb --update_mif LogicalStep
quartus_asm LogicalStep
quartus_cdb --update_mif LogicalStep
quartus_asm LogicalStep
quartus_cdb --update_mif LogicalStep
quartus_asm LogicalStep
quartus_cdb --update_mif LogicalStep
quartus_asm LogicalStep
quartus_cdb --update_mif LogicalStep
quartus_asm LogicalStep
quartus_cdb --update_mif LogicalStep
quartus_asm LogicalStep
quartus_cdb --update_mif LogicalStep
quartus_asm LogicalStep



